<?xml version="1.0" encoding="UTF-8" ?>
<testsuite tests="8" failures="0" name="ru.vsu.cs.raspopov.MyMultiHashSetTest" time="0" errors="0" skipped="0">
  <properties>
[...]
</properties>
  <testcase classname="ru.vsu.cs.raspopov.MyMultiHashSetTest" name="ru.vsu.cs.raspopov.MyMultiHashSetTest.testContains03" time="0"/>
  <testcase classname="ru.vsu.cs.raspopov.MyMultiHashSetTest" name="ru.vsu.cs.raspopov.MyMultiHashSetTest.testConaintsAll01" time="0"/>
  <testcase classname="ru.vsu.cs.raspopov.MyMultiHashSetTest" name="ru.vsu.cs.raspopov.MyMultiHashSetTest.testConaintsAll02" time="0"/>
  <testcase classname="ru.vsu.cs.raspopov.MyMultiHashSetTest" name="ru.vsu.cs.raspopov.MyMultiHashSetTest.testRemove02" time="0"/>
  <testcase classname="ru.vsu.cs.raspopov.MyMultiHashSetTest" name="ru.vsu.cs.raspopov.MyMultiHashSetTest.testContains02" time="0"/>
  <testcase classname="ru.vsu.cs.raspopov.MyMultiHashSetTest" name="ru.vsu.cs.raspopov.MyMultiHashSetTest.testContains01" time="0"/>
  <testcase classname="ru.vsu.cs.raspopov.MyMultiHashSetTest" name="ru.vsu.cs.raspopov.MyMultiHashSetTest.testRemove01" time="0"/>
  <testcase classname="ru.vsu.cs.raspopov.MyMultiHashSetTest" name="ru.vsu.cs.raspopov.MyMultiHashSetTest.testContains04" time="0"/>
</testsuite>